<?xml version="1.0" encoding="UTF-8"?>
<!-- Generated by org.testng.reporters.JUnitReportReporter -->
<testsuite hostname="LAPTOP-5CS0VC75" failures="0" tests="1" name="day04_FramesHandle.FrameHandling" time="50.741" errors="0" timestamp="2024-12-22T12:46:10 IST" skipped="0">
  <testcase classname="day04_FramesHandle.FrameHandling" name="mouseHoverTest" time="50.741"/>
</testsuite> <!-- day04_FramesHandle.FrameHandling -->
