<?xml version="1.0" encoding="UTF-8"?>
<!-- Generated by org.testng.reporters.JUnitReportReporter -->
<testsuite hostname="LAPTOP-5CS0VC75" failures="0" tests="1" name="day10_StaticWebTable.StaticWebTable2" time="58.228" errors="0" timestamp="2024-12-22T18:53:01 IST" skipped="0">
  <testcase classname="day10_StaticWebTable.StaticWebTable2" name="webTableTest" time="58.228"/>
</testsuite> <!-- day10_StaticWebTable.StaticWebTable2 -->
