<?xml version="1.0" encoding="UTF-8"?>
<!-- Generated by org.testng.reporters.JUnitReportReporter -->
<testsuite hostname="LAPTOP-5CS0VC75" failures="0" tests="1" name="day09_mis.CheckBox" time="6.008" errors="0" timestamp="2024-12-22T18:27:22 IST" skipped="0">
  <testcase classname="day09_mis.CheckBox" name="waitsTest" time="6.008"/>
</testsuite> <!-- day09_mis.CheckBox -->
