<?xml version="1.0" encoding="UTF-8"?>
<!-- Generated by org.testng.reporters.JUnitReportReporter -->
<testsuite hostname="LAPTOP-5CS0VC75" failures="0" tests="1" name="day11_FileUpload.FileUpload" time="43.948" errors="0" timestamp="2024-12-22T19:12:57 IST" skipped="0">
  <testcase classname="day11_FileUpload.FileUpload" name="fileUploadTest" time="43.948"/>
</testsuite> <!-- day11_FileUpload.FileUpload -->
