<?xml version="1.0" encoding="UTF-8"?>
<!-- Generated by org.testng.reporters.JUnitReportReporter -->
<testsuite hostname="LAPTOP-5CS0VC75" failures="0" tests="1" name="day03_WindowHandle.MultipleWindows2" time="18.804" errors="0" timestamp="2024-12-22T11:57:42 IST" skipped="0">
  <testcase classname="day03_WindowHandle.MultipleWindows2" name="multipleWindowsTest" time="18.804"/>
</testsuite> <!-- day03_WindowHandle.MultipleWindows2 -->
