<?xml version="1.0" encoding="UTF-8"?>
<!-- Generated by org.testng.reporters.JUnitReportReporter -->
<testsuite hostname="LAPTOP-5CS0VC75" failures="0" tests="1" name="day07_JavaScriptExecutor.ScrollDemo" time="9.521" errors="0" timestamp="2024-12-22T16:01:20 IST" skipped="0">
  <testcase classname="day07_JavaScriptExecutor.ScrollDemo" name="scrollTest" time="9.521"/>
</testsuite> <!-- day07_JavaScriptExecutor.ScrollDemo -->
