<?xml version="1.0" encoding="UTF-8"?>
<!-- Generated by org.testng.reporters.JUnitReportReporter -->
<testsuite hostname="LAPTOP-5CS0VC75" failures="0" tests="1" name="day06TakeScreenshot.ScreenShotDemo2" time="8.599" errors="0" timestamp="2024-12-22T15:40:13 IST" skipped="0">
  <testcase classname="day06TakeScreenshot.ScreenShotDemo2" name="screenshotTest" time="8.599"/>
</testsuite> <!-- day06TakeScreenshot.ScreenShotDemo2 -->
