<?xml version="1.0" encoding="UTF-8"?>
<!-- Generated by org.testng.reporters.JUnitReportReporter -->
<testsuite hostname="LAPTOP-5CS0VC75" failures="0" tests="1" name="day00_basic.SampleTest" time="0.015" errors="0" timestamp="2024-12-21T21:07:01 IST" skipped="0">
  <testcase classname="day00_basic.SampleTest" name="Great" time="0.015"/>
</testsuite> <!-- day00_basic.SampleTest -->
