<?xml version="1.0" encoding="UTF-8"?>
<!-- Generated by org.testng.reporters.JUnitReportReporter -->
<testsuite hostname="LAPTOP-5CS0VC75" failures="0" tests="1" name="day02_ActionClass.MouseHover" time="10.180" errors="0" timestamp="2024-12-21T22:41:16 IST" skipped="0">
  <testcase classname="day02_ActionClass.MouseHover" name="mouseHoverTest" time="10.180"/>
</testsuite> <!-- day02_ActionClass.MouseHover -->
