<?xml version="1.0" encoding="UTF-8"?>
<!-- Generated by org.testng.reporters.JUnitReportReporter -->
<testsuite hostname="LAPTOP-5CS0VC75" failures="0" tests="1" name="day07_JavaScriptExecutor.HighlightElement" time="17.132" errors="0" timestamp="2024-12-22T16:48:58 IST" skipped="0">
  <testcase classname="day07_JavaScriptExecutor.HighlightElement" name="clickJSTest" time="17.132"/>
</testsuite> <!-- day07_JavaScriptExecutor.HighlightElement -->
