<?xml version="1.0" encoding="UTF-8"?>
<!-- Generated by org.testng.reporters.JUnitReportReporter -->
<testsuite hostname="LAPTOP-5CS0VC75" failures="0" tests="1" name="day08_Waits.WaitsDemo1" time="9.302" errors="0" timestamp="2024-12-22T17:27:35 IST" skipped="0">
  <testcase classname="day08_Waits.WaitsDemo1" name="scrollTest" time="9.302"/>
</testsuite> <!-- day08_Waits.WaitsDemo1 -->
