<?xml version="1.0" encoding="UTF-8"?>
<!-- Generated by org.testng.reporters.JUnitReportReporter -->
<testsuite hostname="LAPTOP-5CS0VC75" failures="0" tests="1" name="day06TakeScreenshot.ScreenShotDemo" time="10.807" errors="0" timestamp="2024-12-22T15:19:47 IST" skipped="0">
  <testcase classname="day06TakeScreenshot.ScreenShotDemo" name="screenshotTest" time="10.807"/>
</testsuite> <!-- day06TakeScreenshot.ScreenShotDemo -->
