<?xml version="1.0" encoding="UTF-8"?>
<!-- Generated by org.testng.reporters.JUnitReportReporter -->
<testsuite hostname="LAPTOP-5CS0VC75" failures="0" tests="1" name="day05_AlterHandling.AlertHandling" time="14.130" errors="0" timestamp="2024-12-22T14:19:35 IST" skipped="0">
  <testcase classname="day05_AlterHandling.AlertHandling" name="alertTest" time="14.130"/>
</testsuite> <!-- day05_AlterHandling.AlertHandling -->
