<?xml version="1.0" encoding="UTF-8"?>
<!-- Generated by org.testng.reporters.JUnitReportReporter -->
<testsuite hostname="LAPTOP-5CS0VC75" failures="0" tests="1" name="day03_WindowHandle.MultipleWindows3" time="16.315" errors="0" timestamp="2024-12-22T12:06:00 IST" skipped="0">
  <testcase classname="day03_WindowHandle.MultipleWindows3" name="multipleWindowsTest" time="16.315"/>
</testsuite> <!-- day03_WindowHandle.MultipleWindows3 -->
