<?xml version="1.0" encoding="UTF-8"?>
<!-- Generated by org.testng.reporters.JUnitReportReporter -->
<testsuite hostname="LAPTOP-5CS0VC75" failures="0" tests="1" name="day08_Waits.WaitsDemo2" time="14.652" errors="0" timestamp="2024-12-22T18:01:47 IST" skipped="0">
  <testcase classname="day08_Waits.WaitsDemo2" name="scrollTest" time="14.652"/>
</testsuite> <!-- day08_Waits.WaitsDemo2 -->
