<?xml version="1.0" encoding="UTF-8"?>
<!-- Generated by org.testng.reporters.JUnitReportReporter -->
<testsuite hostname="LAPTOP-5CS0VC75" failures="0" tests="1" name="day09_mis.ValidateEnabled" time="34.320" errors="0" timestamp="2024-12-22T18:34:38 IST" skipped="0">
  <testcase classname="day09_mis.ValidateEnabled" name="waitsTest" time="34.320"/>
</testsuite> <!-- day09_mis.ValidateEnabled -->
